<?xml version="1.0" encoding="UTF-8"?>
<!-- Generated by org.testng.reporters.JUnitReportReporter -->
<testsuite skipped="0" hostname="Chaithra-Kota5" name="XMLData.XmlAddData" tests="1" failures="0" timestamp="2019-12-25T15:53:16 IST" time="3.326" errors="0">
  <testcase name="xmlAdd" time="3.326" classname="XMLData.XmlAddData"/>
</testsuite> <!-- XMLData.XmlAddData -->
