<?xml version="1.0" encoding="UTF-8"?>
<!-- Generated by org.testng.reporters.JUnitReportReporter -->
<testsuite skipped="0" hostname="Chaithra-Kota5" name="Get_Name" tests="1" failures="0" timestamp="2019-12-26T10:23:50 IST" time="15.513" errors="0">
  <testcase name="testScriptG" time="15.513" classname="Get_Name"/>
</testsuite> <!-- Get_Name -->
