<?xml version="1.0" encoding="UTF-8"?>
<!-- Generated by org.testng.reporters.JUnitReportReporter -->
<testsuite skipped="0" hostname="Chaithra-Kota5" name="DynamicJson" tests="4" failures="0" timestamp="2019-12-26T21:37:53 IST" time="4.553" errors="0">
  <testcase name="addBook" time="3.489" classname="DynamicJson"/>
  <testcase name="addBook" time="0.393" classname="DynamicJson"/>
  <testcase name="addBook" time="0.312" classname="DynamicJson"/>
  <testcase name="addBook" time="0.359" classname="DynamicJson"/>
</testsuite> <!-- DynamicJson -->
