<?xml version="1.0" encoding="UTF-8"?>
<!-- Generated by org.testng.reporters.JUnitReportReporter -->
<testsuite skipped="0" hostname="Chaithra-Kota5" name="JIRA_API_TEST.AddComment" tests="1" failures="0" timestamp="2019-12-29T10:38:11 IST" time="19.683" errors="0">
  <testcase name="addComment" time="19.683" classname="JIRA_API_TEST.AddComment"/>
</testsuite> <!-- JIRA_API_TEST.AddComment -->
