<?xml version="1.0" encoding="UTF-8"?>
<!-- Generated by org.testng.reporters.JUnitReportReporter -->
<testsuite skipped="0" hostname="Chaithra-Kota5" name="AddandDelete" tests="1" failures="0" timestamp="2019-12-25T10:11:36 IST" time="3.344" errors="0">
  <testcase name="mainSript" time="3.344" classname="AddandDelete"/>
</testsuite> <!-- AddandDelete -->
