<?xml version="1.0" encoding="UTF-8"?>
<!-- Generated by org.testng.reporters.JUnitReportReporter -->
<testsuite skipped="0" hostname="Chaithra-Kota5" name="JIRA_API_TEST.GenerateCookie" tests="1" failures="0" timestamp="2019-12-28T23:01:02 IST" time="15.138" errors="0">
  <testcase name="testScript" time="15.138" classname="JIRA_API_TEST.GenerateCookie"/>
</testsuite> <!-- JIRA_API_TEST.GenerateCookie -->
