<?xml version="1.0" encoding="UTF-8"?>
<!-- Generated by org.testng.reporters.JUnitReportReporter -->
<testsuite skipped="0" hostname="Chaithra-Kota5" name="JIRA_API_TEST.CreateDefect" tests="1" failures="0" timestamp="2019-12-29T10:26:55 IST" time="71.739" errors="0">
  <testcase name="testScript" time="71.739" classname="JIRA_API_TEST.CreateDefect"/>
</testsuite> <!-- JIRA_API_TEST.CreateDefect -->
