<?xml version="1.0" encoding="UTF-8"?>
<!-- Generated by org.testng.reporters.JUnitReportReporter -->
<testsuite skipped="0" hostname="Chaithra-Kota5" name="StaticJson" tests="1" failures="0" timestamp="2019-12-26T21:39:03 IST" time="3.676" errors="0">
  <testcase name="addBook" time="3.676" classname="StaticJson"/>
</testsuite> <!-- StaticJson -->
