<?xml version="1.0" encoding="UTF-8"?>
<!-- Generated by org.testng.reporters.JUnitReportReporter -->
<testsuite skipped="0" hostname="Chaithra-Kota5" name="AddBookAPI" tests="1" failures="0" timestamp="2019-12-26T12:21:45 IST" time="3.502" errors="0">
  <testcase name="addBook" time="3.502" classname="AddBookAPI"/>
</testsuite> <!-- AddBookAPI -->
