<?xml version="1.0" encoding="UTF-8"?>
<!-- Generated by org.testng.reporters.JUnitReportReporter -->
<testsuite skipped="0" hostname="Chaithra-Kota5" name="JIRA_API_TEST.UpdateComment" tests="1" failures="0" timestamp="2019-12-29T10:46:52 IST" time="5.118" errors="0">
  <testcase name="updateComment" time="5.118" classname="JIRA_API_TEST.UpdateComment"/>
</testsuite> <!-- JIRA_API_TEST.UpdateComment -->
